<?xml version="1.0" encoding="UTF-8"?>
<testsuite xmlns:xsi="http://www.w3.org/2001/XMLSchema-instance" xsi:noNamespaceSchemaLocation="https://maven.apache.org/surefire/maven-surefire-plugin/xsd/surefire-test-report.xsd" version="3.0.1" name="com.formation.integcontinue.AppTest" time="0.092" tests="1" errors="0" skipped="0" failures="0">
  <properties>
    <property name="java.specification.version" value="17"/>
    <property name="sun.cpu.isalist" value="amd64"/>
    <property name="sun.jnu.encoding" value="Cp1252"/>
    <property name="java.class.path" value="E:\GINF\GINF3\DevOps\hello-world-app\target\test-classes;E:\GINF\GINF3\DevOps\hello-world-app\target\classes;E:\Atelier-JEE\outils\Maven\depot_local\org\junit\jupiter\junit-jupiter-api\5.11.0\junit-jupiter-api-5.11.0.jar;E:\Atelier-JEE\outils\Maven\depot_local\org\opentest4j\opentest4j\1.3.0\opentest4j-1.3.0.jar;E:\Atelier-JEE\outils\Maven\depot_local\org\junit\platform\junit-platform-commons\1.11.0\junit-platform-commons-1.11.0.jar;E:\Atelier-JEE\outils\Maven\depot_local\org\apiguardian\apiguardian-api\1.1.2\apiguardian-api-1.1.2.jar;E:\Atelier-JEE\outils\Maven\depot_local\org\junit\jupiter\junit-jupiter-params\5.11.0\junit-jupiter-params-5.11.0.jar;"/>
    <property name="java.vm.vendor" value="Oracle Corporation"/>
    <property name="sun.arch.data.model" value="64"/>
    <property name="user.variant" value=""/>
    <property name="java.vendor.url" value="https://java.oracle.com/"/>
    <property name="user.timezone" value="Africa/Douala"/>
    <property name="os.name" value="Windows 11"/>
    <property name="java.vm.specification.version" value="17"/>
    <property name="sun.java.launcher" value="SUN_STANDARD"/>
    <property name="user.country" value="CM"/>
    <property name="sun.boot.library.path" value="C:\Program Files\Java\jdk-17\bin"/>
    <property name="sun.java.command" value="C:\Users\decha\AppData\Local\Temp\surefire3580913339820884487\surefirebooter-20241002113332312_3.jar C:\Users\decha\AppData\Local\Temp\surefire3580913339820884487 2024-10-02T11-33-27_113-jvmRun1 surefire-20241002113332312_1tmp surefire_0-20241002113332312_2tmp"/>
    <property name="jdk.debug" value="release"/>
    <property name="surefire.test.class.path" value="E:\GINF\GINF3\DevOps\hello-world-app\target\test-classes;E:\GINF\GINF3\DevOps\hello-world-app\target\classes;E:\Atelier-JEE\outils\Maven\depot_local\org\junit\jupiter\junit-jupiter-api\5.11.0\junit-jupiter-api-5.11.0.jar;E:\Atelier-JEE\outils\Maven\depot_local\org\opentest4j\opentest4j\1.3.0\opentest4j-1.3.0.jar;E:\Atelier-JEE\outils\Maven\depot_local\org\junit\platform\junit-platform-commons\1.11.0\junit-platform-commons-1.11.0.jar;E:\Atelier-JEE\outils\Maven\depot_local\org\apiguardian\apiguardian-api\1.1.2\apiguardian-api-1.1.2.jar;E:\Atelier-JEE\outils\Maven\depot_local\org\junit\jupiter\junit-jupiter-params\5.11.0\junit-jupiter-params-5.11.0.jar;"/>
    <property name="sun.cpu.endian" value="little"/>
    <property name="user.home" value="C:\Users\decha"/>
    <property name="user.language" value="fr"/>
    <property name="java.specification.vendor" value="Oracle Corporation"/>
    <property name="java.version.date" value="2024-01-16"/>
    <property name="java.home" value="C:\Program Files\Java\jdk-17"/>
    <property name="file.separator" value="\"/>
    <property name="basedir" value="E:\GINF\GINF3\DevOps\hello-world-app"/>
    <property name="java.vm.compressedOopsMode" value="Zero based"/>
    <property name="line.separator" value="&#10;"/>
    <property name="java.vm.specification.vendor" value="Oracle Corporation"/>
    <property name="java.specification.name" value="Java Platform API Specification"/>
    <property name="surefire.real.class.path" value="C:\Users\decha\AppData\Local\Temp\surefire3580913339820884487\surefirebooter-20241002113332312_3.jar"/>
    <property name="user.script" value=""/>
    <property name="sun.management.compiler" value="HotSpot 64-Bit Tiered Compilers"/>
    <property name="java.runtime.version" value="17.0.10+11-LTS-240"/>
    <property name="user.name" value="decha"/>
    <property name="path.separator" value=";"/>
    <property name="os.version" value="10.0"/>
    <property name="java.runtime.name" value="Java(TM) SE Runtime Environment"/>
    <property name="file.encoding" value="Cp1252"/>
    <property name="java.vm.name" value="Java HotSpot(TM) 64-Bit Server VM"/>
    <property name="localRepository" value="E:\Atelier-JEE\outils\Maven\depot_local"/>
    <property name="java.vendor.url.bug" value="https://bugreport.java.com/bugreport/"/>
    <property name="java.io.tmpdir" value="C:\Users\decha\AppData\Local\Temp\"/>
    <property name="java.version" value="17.0.10"/>
    <property name="user.dir" value="E:\GINF\GINF3\DevOps\hello-world-app"/>
    <property name="os.arch" value="amd64"/>
    <property name="java.vm.specification.name" value="Java Virtual Machine Specification"/>
    <property name="sun.os.patch.level" value=""/>
    <property name="native.encoding" value="Cp1252"/>
    <property name="java.library.path" value="C:\Program Files\Java\jdk-17\bin;C:\WINDOWS\Sun\Java\bin;C:\WINDOWS\system32;C:\WINDOWS;E:\GINF\GINF3\CyberSÃ©curity\bin\;E:\Atelier-JEE\outils\Maven\apache-maven-3.8.8\bin;C:\Program Files\Java\jdk-17\bin;C:\Program Files\Common Files\Oracle\Java\javapath;C:\Program Files (x86)\Common Files\Oracle\Java\javapath;C:\Program Files\Microsoft MPI\Bin\;C:\windows\system32;C:\windows;C:\windows\System32\Wbem;C:\windows\System32\WindowsPowerShell\v1.0\;C:\windows\System32\OpenSSH\;C:\Program Files (x86)\NVIDIA Corporation\PhysX\Common;C:\Program Files\NVIDIA Corporation\NVIDIA NvDLISR;C:\Program Files (x86)\CodeBlocks\MinGW\bin;C:\WINDOWS\system32;C:\WINDOWS;C:\WINDOWS\System32\Wbem;C:\WINDOWS\System32\WindowsPowerShell\v1.0\;C:\WINDOWS\System32\OpenSSH\;C:\Users\decha\AppData\Local\Programs\Microsoft VS Code\bin;C:\Program Files (x86)\Microsoft SQL Server\160\Tools\Binn\;C:\Program Files\Microsoft SQL Server\160\Tools\Binn\;C:\Program Files\Microsoft SQL Server\Client SDK\ODBC\170\Tools\Binn\;C:\Program Files\Microsoft SQL Server\160\DTS\Binn\;C:\Program Files\Azure Data Studio\bin;C:\Program Files\MySQL\MySQL Server 5.7\bin;C:\Program Files\PHP;C:\composer;C:\Program Files\MySQL\MySQL Server 8.0\bin;C:\Program Files\nodejs\;C:\Program Files\nodejs\node_modules\npm\bin;C:\Program Files\JetBrains\IntelliJ IDEA Community Edition 2023.1.2\plugins\maven\lib\maven3\bin;C:\Program Files (x86)\GnuPG\bin;C:\Program Files\Git\cmd;C:\Users\decha\AppData\Local\Pub\Cache\bin;E:\Atelier-JEE\outils\jdk-1.8\bin;C:\Program Files\MongoDB\mongosh-2.1.3-win32-x64\bin;C:\curl\bin;C:\Program Files\Java\jdk-11\bin;C:\Program Files\HP\HP One Agent;C:\Program Files\dotnet\;C:\Program Files\Microsoft SQL Server\150\Tools\Binn\;C:\Program Files (x86)\Windows Kits\10\Windows Performance Toolkit\;C:\Program Files\TortoiseSVN\bin;E:\Setup\VisualSVN\bin;C:\Users\decha\AppData\Local\Programs\Python\Python310\Scripts\;C:\Users\decha\AppData\Local\Programs\Python\Python310\;C:\Users\decha\scoop\apps\composer\current\home\vendor\bin;C:\Users\decha\scoop\shims;C:\Users\decha\AppData\Local\Microsoft\WindowsApps;C:\Program Files (x86)\CodeBlocks\MinGW\bin;C:\Users\decha\AppData\Local\Programs\Microsoft VS Code\bin;C:\Program Files\Azure Data Studio\bin;C:\Program Files\MySQL\MySQL Server 5.7\bin;C:\Program Files\PHP;C:\Users\decha\AppData\Roaming\Composer\vendor\bin;C:\Program Files\JetBrains\PhpStorm 2023.1.1\bin;E:\TafPerso\Test Automatique\IntelliJ IDEA 2024.2.2\bin;;C:\Program Files\MySQL\MySQL Server 8.0\bin;C:\Program Files\JetBrains\IntelliJ IDEA Community Edition 2023.1.2\bin;;C:\Program Files\JetBrains\PhpStorm 2023.1.2\bin;;C:\Users\decha\AppData\Roaming\npm;C:\Program Files\nodejs\node_modules\npm\bin;C:\Program Files\JetBrains\IntelliJ IDEA Community Edition 2023.1.2\plugins\maven\lib\maven3\bin;C:\Program Files (x86)\GnuPG\bin;E:\GINF\Dev app Mobile\Flutter_SDK\bin;E:\GINF\Dev app Mobile\Android_SDK\platform-tools;E:\GINF\Dev app Mobile\Android_SDK\tools;E:\GINF\Dev app Mobile\Android_SDK\tools\bin;C:\Program Files\Java\jdk-20\bin;C:\Users\decha\AppData\Local\Pub\Cache\bin;C:\curl\bin;C:\Program Files\Java\jdk-11\bin;C:\Program Files\Java\jdk-17\bin;C:\Users\decha\.dotnet\tools;C:\Program Files\Java\jdk-21\bin;;."/>
    <property name="java.vm.info" value="mixed mode, sharing"/>
    <property name="java.vendor" value="Oracle Corporation"/>
    <property name="java.vm.version" value="17.0.10+11-LTS-240"/>
    <property name="sun.io.unicode.encoding" value="UnicodeLittle"/>
    <property name="java.class.version" value="61.0"/>
  </properties>
  <testcase name="shouldAnswerWithTrue" classname="com.formation.integcontinue.AppTest" time="0.049"/>
</testsuite>